2025-04-14 11:22:57.709  INFO 12304 --- [main] c.c.u.UniqueProjectApplication           : Starting UniqueProjectApplication using Java 21.0.4 on LPT3329 with PID 12304 (D:\HSBC PROJECT\ROCKET\BACKEND\Eclipse WorkSpace\YOGESH\SourceCode\uniqueProject\target\classes started by yogesh.choudhary in D:\HSBC PROJECT\ROCKET\BACKEND\Eclipse WorkSpace\YOGESH\SourceCode\uniqueProject)
2025-04-14 11:22:57.731  INFO 12304 --- [main] c.c.u.UniqueProjectApplication           : No active profile set, falling back to 1 default profile: "default"
2025-04-14 11:22:58.546  INFO 12304 --- [main] .s.d.r.c.RepositoryConfigurationDelegate : Bootstrapping Spring Data JPA repositories in DEFAULT mode.
2025-04-14 11:22:58.631  INFO 12304 --- [main] .s.d.r.c.RepositoryConfigurationDelegate : Finished Spring Data repository scanning in 74 ms. Found 2 JPA repository interfaces.
2025-04-14 11:22:59.549  INFO 12304 --- [main] o.s.b.w.embedded.tomcat.TomcatWebServer  : Tomcat initialized with port(s): 9090 (http)
2025-04-14 11:22:59.560  INFO 12304 --- [main] o.apache.catalina.core.StandardService   : Starting service [Tomcat]
2025-04-14 11:22:59.561  INFO 12304 --- [main] org.apache.catalina.core.StandardEngine  : Starting Servlet engine: [Apache Tomcat/9.0.83]
2025-04-14 11:22:59.697  INFO 12304 --- [main] o.a.c.c.C.[.[localhost].[/api-tester]    : Initializing Spring embedded WebApplicationContext
2025-04-14 11:22:59.697  INFO 12304 --- [main] w.s.c.ServletWebServerApplicationContext : Root WebApplicationContext: initialization completed in 1901 ms
2025-04-14 11:23:00.030  INFO 12304 --- [main] o.hibernate.jpa.internal.util.LogHelper  : HHH000204: Processing PersistenceUnitInfo [name: default]
2025-04-14 11:23:00.095  INFO 12304 --- [main] org.hibernate.Version                    : HHH000412: Hibernate ORM core version 5.6.15.Final
2025-04-14 11:23:00.328  INFO 12304 --- [main] o.hibernate.annotations.common.Version   : HCANN000001: Hibernate Commons Annotations {5.1.2.Final}
2025-04-14 11:23:00.444  INFO 12304 --- [main] com.zaxxer.hikari.HikariDataSource       : HikariPool-1 - Starting...
2025-04-14 11:23:00.949  INFO 12304 --- [main] com.zaxxer.hikari.HikariDataSource       : HikariPool-1 - Start completed.
2025-04-14 11:23:00.983  INFO 12304 --- [main] org.hibernate.dialect.Dialect            : HHH000400: Using dialect: org.hibernate.dialect.MySQL8Dialect
2025-04-14 11:23:01.785  INFO 12304 --- [main] o.h.e.t.j.p.i.JtaPlatformInitiator       : HHH000490: Using JtaPlatform implementation: [org.hibernate.engine.transaction.jta.platform.internal.NoJtaPlatform]
2025-04-14 11:23:01.794  INFO 12304 --- [main] j.LocalContainerEntityManagerFactoryBean : Initialized JPA EntityManagerFactory for persistence unit 'default'
2025-04-14 11:23:02.238  WARN 12304 --- [main] JpaBaseConfiguration$JpaWebConfiguration : spring.jpa.open-in-view is enabled by default. Therefore, database queries may be performed during view rendering. Explicitly configure spring.jpa.open-in-view to disable this warning
2025-04-14 11:23:02.399  INFO 12304 --- [main] o.s.b.a.w.s.WelcomePageHandlerMapping    : Adding welcome page: class path resource [static/index.html]
2025-04-14 11:23:02.401  INFO 12304 --- [main] c.c.u.Configuration.WebMVCConfig         : inside addInterceptor
2025-04-14 11:23:02.666  INFO 12304 --- [main] o.s.b.w.embedded.tomcat.TomcatWebServer  : Tomcat started on port(s): 9090 (http) with context path '/api-tester'
2025-04-14 11:23:02.676  INFO 12304 --- [main] c.c.u.UniqueProjectApplication           : Started UniqueProjectApplication in 5.573 seconds (JVM running for 6.134)
2025-04-14 11:23:24.385  INFO 12304 --- [http-nio-9090-exec-1] o.a.c.c.C.[.[localhost].[/api-tester]    : Initializing Spring DispatcherServlet 'dispatcherServlet'
2025-04-14 11:23:24.386  INFO 12304 --- [http-nio-9090-exec-1] o.s.web.servlet.DispatcherServlet        : Initializing Servlet 'dispatcherServlet'
2025-04-14 11:23:24.387  INFO 12304 --- [http-nio-9090-exec-1] o.s.web.servlet.DispatcherServlet        : Completed initialization in 1 ms
2025-04-14 11:23:24.408  INFO 12304 --- [http-nio-9090-exec-1] c.c.u.Security.HttpRequestInterceptor    : requestURL: http://localhost:9090/api-tester/api/token/init
2025-04-14 11:23:24.408  INFO 12304 --- [http-nio-9090-exec-1] c.c.u.Security.HttpRequestInterceptor    : Request is coming from Postman
2025-04-14 11:23:24.519  INFO 12304 --- [http-nio-9090-exec-1] c.c.u.Security.HttpRequestInterceptor    : requestUrl: http://localhost:9090/api-tester/api/token/init, responseCode: 200 
2025-04-14 11:23:30.504  INFO 12304 --- [http-nio-9090-exec-3] c.c.u.Security.RateLimitFilter           : rate limiting
2025-04-14 11:23:30.535  INFO 12304 --- [http-nio-9090-exec-3] c.c.uniqueProject.Security.JwtFilter     : key: 123
2025-04-14 11:23:30.538  INFO 12304 --- [http-nio-9090-exec-3] c.c.uniqueProject.Security.JwtFilter     : Validate1 ?
2025-04-14 11:23:30.609  INFO 12304 --- [http-nio-9090-exec-3] c.c.uniqueProject.Security.JwtUtil       : Return : false
2025-04-14 11:23:33.244  INFO 12304 --- [http-nio-9090-exec-4] c.c.u.Security.RateLimitFilter           : rate limiting
2025-04-14 11:23:33.244  INFO 12304 --- [http-nio-9090-exec-4] c.c.uniqueProject.Security.JwtFilter     : key: 123
2025-04-14 11:23:33.244  INFO 12304 --- [http-nio-9090-exec-4] c.c.uniqueProject.Security.JwtFilter     : Validate1 ?
2025-04-14 11:23:33.246  INFO 12304 --- [http-nio-9090-exec-4] c.c.uniqueProject.Security.JwtUtil       : Return : false
2025-04-14 11:24:55.118  INFO 13648 --- [main] c.c.u.UniqueProjectApplication           : Starting UniqueProjectApplication using Java 21.0.4 on LPT3329 with PID 13648 (D:\HSBC PROJECT\ROCKET\BACKEND\Eclipse WorkSpace\YOGESH\SourceCode\uniqueProject\target\classes started by yogesh.choudhary in D:\HSBC PROJECT\ROCKET\BACKEND\Eclipse WorkSpace\YOGESH\SourceCode\uniqueProject)
2025-04-14 11:24:55.121  INFO 13648 --- [main] c.c.u.UniqueProjectApplication           : No active profile set, falling back to 1 default profile: "default"
2025-04-14 11:24:55.718  INFO 13648 --- [main] .s.d.r.c.RepositoryConfigurationDelegate : Bootstrapping Spring Data JPA repositories in DEFAULT mode.
2025-04-14 11:24:55.771  INFO 13648 --- [main] .s.d.r.c.RepositoryConfigurationDelegate : Finished Spring Data repository scanning in 42 ms. Found 2 JPA repository interfaces.
2025-04-14 11:24:56.561  INFO 13648 --- [main] o.s.b.w.embedded.tomcat.TomcatWebServer  : Tomcat initialized with port(s): 9090 (http)
2025-04-14 11:24:56.578  INFO 13648 --- [main] o.apache.catalina.core.StandardService   : Starting service [Tomcat]
2025-04-14 11:24:56.578  INFO 13648 --- [main] org.apache.catalina.core.StandardEngine  : Starting Servlet engine: [Apache Tomcat/9.0.83]
2025-04-14 11:24:56.702  INFO 13648 --- [main] o.a.c.c.C.[.[localhost].[/api-tester]    : Initializing Spring embedded WebApplicationContext
2025-04-14 11:24:56.703  INFO 13648 --- [main] w.s.c.ServletWebServerApplicationContext : Root WebApplicationContext: initialization completed in 1535 ms
2025-04-14 11:24:56.982  INFO 13648 --- [main] o.hibernate.jpa.internal.util.LogHelper  : HHH000204: Processing PersistenceUnitInfo [name: default]
2025-04-14 11:24:57.035  INFO 13648 --- [main] org.hibernate.Version                    : HHH000412: Hibernate ORM core version 5.6.15.Final
2025-04-14 11:24:57.183  INFO 13648 --- [main] o.hibernate.annotations.common.Version   : HCANN000001: Hibernate Commons Annotations {5.1.2.Final}
2025-04-14 11:24:57.271  INFO 13648 --- [main] com.zaxxer.hikari.HikariDataSource       : HikariPool-1 - Starting...
2025-04-14 11:24:57.653  INFO 13648 --- [main] com.zaxxer.hikari.HikariDataSource       : HikariPool-1 - Start completed.
2025-04-14 11:24:57.680  INFO 13648 --- [main] org.hibernate.dialect.Dialect            : HHH000400: Using dialect: org.hibernate.dialect.MySQL8Dialect
2025-04-14 11:24:58.308  INFO 13648 --- [main] o.h.e.t.j.p.i.JtaPlatformInitiator       : HHH000490: Using JtaPlatform implementation: [org.hibernate.engine.transaction.jta.platform.internal.NoJtaPlatform]
2025-04-14 11:24:58.317  INFO 13648 --- [main] j.LocalContainerEntityManagerFactoryBean : Initialized JPA EntityManagerFactory for persistence unit 'default'
2025-04-14 11:24:58.762  WARN 13648 --- [main] JpaBaseConfiguration$JpaWebConfiguration : spring.jpa.open-in-view is enabled by default. Therefore, database queries may be performed during view rendering. Explicitly configure spring.jpa.open-in-view to disable this warning
2025-04-14 11:24:58.921  INFO 13648 --- [main] o.s.b.a.w.s.WelcomePageHandlerMapping    : Adding welcome page: class path resource [static/index.html]
2025-04-14 11:24:58.923  INFO 13648 --- [main] c.c.u.Configuration.WebMVCConfig         : inside addInterceptor
2025-04-14 11:24:59.175  INFO 13648 --- [main] o.s.b.w.embedded.tomcat.TomcatWebServer  : Tomcat started on port(s): 9090 (http) with context path '/api-tester'
2025-04-14 11:24:59.185  INFO 13648 --- [main] c.c.u.UniqueProjectApplication           : Started UniqueProjectApplication in 4.513 seconds (JVM running for 4.976)
2025-04-14 11:25:15.461  INFO 13648 --- [http-nio-9090-exec-2] o.a.c.c.C.[.[localhost].[/api-tester]    : Initializing Spring DispatcherServlet 'dispatcherServlet'
2025-04-14 11:25:15.461  INFO 13648 --- [http-nio-9090-exec-2] o.s.web.servlet.DispatcherServlet        : Initializing Servlet 'dispatcherServlet'
2025-04-14 11:25:15.462  INFO 13648 --- [http-nio-9090-exec-2] o.s.web.servlet.DispatcherServlet        : Completed initialization in 1 ms
2025-04-14 11:25:15.473  INFO 13648 --- [http-nio-9090-exec-2] c.c.u.Security.RateLimitFilter           : rate limiting
2025-04-14 11:25:15.486  INFO 13648 --- [http-nio-9090-exec-2] c.c.uniqueProject.Security.JwtFilter     : key: 123
2025-04-14 11:25:15.487  INFO 13648 --- [http-nio-9090-exec-2] c.c.uniqueProject.Security.JwtFilter     : Validate1 ?
2025-04-14 11:25:19.313  INFO 13648 --- [http-nio-9090-exec-3] c.c.u.Security.HttpRequestInterceptor    : requestURL: http://localhost:9090/api-tester/api/token/init
2025-04-14 11:25:19.313  INFO 13648 --- [http-nio-9090-exec-3] c.c.u.Security.HttpRequestInterceptor    : Request is coming from Postman
2025-04-14 11:25:19.453  INFO 13648 --- [http-nio-9090-exec-3] c.c.u.Security.HttpRequestInterceptor    : requestUrl: http://localhost:9090/api-tester/api/token/init, responseCode: 200 
2025-04-14 11:25:22.975  INFO 13648 --- [http-nio-9090-exec-4] c.c.u.Security.RateLimitFilter           : rate limiting
2025-04-14 11:25:22.975  INFO 13648 --- [http-nio-9090-exec-4] c.c.uniqueProject.Security.JwtFilter     : key: 123
2025-04-14 11:25:22.977  INFO 13648 --- [http-nio-9090-exec-4] c.c.uniqueProject.Security.JwtFilter     : Validate1 ?
2025-04-14 11:25:23.017  INFO 13648 --- [http-nio-9090-exec-4] c.c.u.Security.HttpRequestInterceptor    : requestURL: http://localhost:9090/api-tester/api/secure/data
2025-04-14 11:25:23.017  INFO 13648 --- [http-nio-9090-exec-4] c.c.u.Security.HttpRequestInterceptor    : Request is coming from Postman
2025-04-14 11:25:23.019  INFO 13648 --- [http-nio-9090-exec-4] c.c.u.Security.HttpRequestInterceptor    : requestUrl: http://localhost:9090/api-tester/api/secure/data, responseCode: 200 
2025-04-14 11:25:27.200  INFO 13648 --- [http-nio-9090-exec-5] c.c.u.Security.RateLimitFilter           : rate limiting
2025-04-14 11:25:27.201  INFO 13648 --- [http-nio-9090-exec-5] c.c.uniqueProject.Security.JwtFilter     : key: 123
2025-04-14 11:25:27.201  INFO 13648 --- [http-nio-9090-exec-5] c.c.uniqueProject.Security.JwtFilter     : Validate1 ?
2025-04-14 11:25:27.204  INFO 13648 --- [http-nio-9090-exec-5] c.c.u.Security.HttpRequestInterceptor    : requestURL: http://localhost:9090/api-tester/api/secure/data
2025-04-14 11:25:27.205  INFO 13648 --- [http-nio-9090-exec-5] c.c.u.Security.HttpRequestInterceptor    : Request is coming from Postman
2025-04-14 11:25:27.207  INFO 13648 --- [http-nio-9090-exec-5] c.c.u.Security.HttpRequestInterceptor    : requestUrl: http://localhost:9090/api-tester/api/secure/data, responseCode: 200 
2025-04-14 11:25:28.161  INFO 13648 --- [http-nio-9090-exec-6] c.c.u.Security.RateLimitFilter           : rate limiting
2025-04-14 11:25:28.161  INFO 13648 --- [http-nio-9090-exec-6] c.c.uniqueProject.Security.JwtFilter     : key: 123
2025-04-14 11:25:28.162  INFO 13648 --- [http-nio-9090-exec-6] c.c.uniqueProject.Security.JwtFilter     : Validate1 ?
2025-04-14 11:25:28.166  INFO 13648 --- [http-nio-9090-exec-6] c.c.u.Security.HttpRequestInterceptor    : requestURL: http://localhost:9090/api-tester/api/secure/data
2025-04-14 11:25:28.166  INFO 13648 --- [http-nio-9090-exec-6] c.c.u.Security.HttpRequestInterceptor    : Request is coming from Postman
2025-04-14 11:25:28.168  INFO 13648 --- [http-nio-9090-exec-6] c.c.u.Security.HttpRequestInterceptor    : requestUrl: http://localhost:9090/api-tester/api/secure/data, responseCode: 200 
2025-04-14 11:25:29.088  INFO 13648 --- [http-nio-9090-exec-8] c.c.u.Security.RateLimitFilter           : rate limiting
2025-04-14 11:25:29.088  INFO 13648 --- [http-nio-9090-exec-8] c.c.uniqueProject.Security.JwtFilter     : key: 123
2025-04-14 11:25:29.089  INFO 13648 --- [http-nio-9090-exec-8] c.c.uniqueProject.Security.JwtFilter     : Validate1 ?
2025-04-14 11:25:29.093  INFO 13648 --- [http-nio-9090-exec-8] c.c.u.Security.HttpRequestInterceptor    : requestURL: http://localhost:9090/api-tester/api/secure/data
2025-04-14 11:25:29.094  INFO 13648 --- [http-nio-9090-exec-8] c.c.u.Security.HttpRequestInterceptor    : Request is coming from Postman
2025-04-14 11:25:29.095  INFO 13648 --- [http-nio-9090-exec-8] c.c.u.Security.HttpRequestInterceptor    : requestUrl: http://localhost:9090/api-tester/api/secure/data, responseCode: 200 
2025-04-14 11:25:30.054  INFO 13648 --- [http-nio-9090-exec-7] c.c.u.Security.RateLimitFilter           : rate limiting
2025-04-14 11:25:30.055  INFO 13648 --- [http-nio-9090-exec-7] c.c.uniqueProject.Security.JwtFilter     : key: 123
2025-04-14 11:25:30.055  INFO 13648 --- [http-nio-9090-exec-7] c.c.uniqueProject.Security.JwtFilter     : Validate1 ?
2025-04-14 11:25:30.059  INFO 13648 --- [http-nio-9090-exec-7] c.c.u.Security.HttpRequestInterceptor    : requestURL: http://localhost:9090/api-tester/api/secure/data
2025-04-14 11:25:30.059  INFO 13648 --- [http-nio-9090-exec-7] c.c.u.Security.HttpRequestInterceptor    : Request is coming from Postman
2025-04-14 11:25:30.060  INFO 13648 --- [http-nio-9090-exec-7] c.c.u.Security.HttpRequestInterceptor    : requestUrl: http://localhost:9090/api-tester/api/secure/data, responseCode: 200 
2025-04-14 11:25:31.065  INFO 13648 --- [http-nio-9090-exec-9] c.c.u.Security.RateLimitFilter           : rate limiting
2025-04-14 11:25:31.066  INFO 13648 --- [http-nio-9090-exec-9] c.c.uniqueProject.Security.JwtFilter     : key: 123
2025-04-14 11:25:31.066  INFO 13648 --- [http-nio-9090-exec-9] c.c.uniqueProject.Security.JwtFilter     : Validate1 ?
2025-04-14 11:25:31.070  INFO 13648 --- [http-nio-9090-exec-9] c.c.u.Security.HttpRequestInterceptor    : requestURL: http://localhost:9090/api-tester/api/secure/data
2025-04-14 11:25:31.071  INFO 13648 --- [http-nio-9090-exec-9] c.c.u.Security.HttpRequestInterceptor    : Request is coming from Postman
2025-04-14 11:25:31.073  INFO 13648 --- [http-nio-9090-exec-9] c.c.u.Security.HttpRequestInterceptor    : requestUrl: http://localhost:9090/api-tester/api/secure/data, responseCode: 200 
2025-04-14 11:25:32.082  INFO 13648 --- [http-nio-9090-exec-10] c.c.u.Security.RateLimitFilter           : rate limiting
2025-04-14 11:25:32.083  INFO 13648 --- [http-nio-9090-exec-10] c.c.uniqueProject.Security.JwtFilter     : key: 123
2025-04-14 11:25:32.083  INFO 13648 --- [http-nio-9090-exec-10] c.c.uniqueProject.Security.JwtFilter     : Validate1 ?
2025-04-14 11:25:32.089  INFO 13648 --- [http-nio-9090-exec-10] c.c.u.Security.HttpRequestInterceptor    : requestURL: http://localhost:9090/api-tester/api/secure/data
2025-04-14 11:25:32.089  INFO 13648 --- [http-nio-9090-exec-10] c.c.u.Security.HttpRequestInterceptor    : Request is coming from Postman
2025-04-14 11:25:32.091  INFO 13648 --- [http-nio-9090-exec-10] c.c.u.Security.HttpRequestInterceptor    : requestUrl: http://localhost:9090/api-tester/api/secure/data, responseCode: 200 
2025-04-14 11:25:33.000  INFO 13648 --- [http-nio-9090-exec-1] c.c.u.Security.RateLimitFilter           : rate limiting
2025-04-14 11:25:33.951  INFO 13648 --- [http-nio-9090-exec-2] c.c.u.Security.RateLimitFilter           : rate limiting
2025-04-14 11:25:35.141  INFO 13648 --- [http-nio-9090-exec-3] c.c.u.Security.RateLimitFilter           : rate limiting
2025-04-14 11:25:36.083  INFO 13648 --- [http-nio-9090-exec-4] c.c.u.Security.RateLimitFilter           : rate limiting
2025-04-14 11:25:36.083  INFO 13648 --- [http-nio-9090-exec-4] c.c.uniqueProject.Security.JwtFilter     : key: 123
2025-04-14 11:25:36.083  INFO 13648 --- [http-nio-9090-exec-4] c.c.uniqueProject.Security.JwtFilter     : Validate1 ?
2025-04-14 11:25:36.088  INFO 13648 --- [http-nio-9090-exec-4] c.c.u.Security.HttpRequestInterceptor    : requestURL: http://localhost:9090/api-tester/api/secure/data
2025-04-14 11:25:36.089  INFO 13648 --- [http-nio-9090-exec-4] c.c.u.Security.HttpRequestInterceptor    : Request is coming from Postman
2025-04-14 11:25:36.091  INFO 13648 --- [http-nio-9090-exec-4] c.c.u.Security.HttpRequestInterceptor    : requestUrl: http://localhost:9090/api-tester/api/secure/data, responseCode: 200 
2025-04-14 11:25:36.900  INFO 13648 --- [http-nio-9090-exec-5] c.c.u.Security.RateLimitFilter           : rate limiting
2025-04-14 11:25:37.949  INFO 13648 --- [http-nio-9090-exec-6] c.c.u.Security.RateLimitFilter           : rate limiting
2025-04-14 11:25:38.936  INFO 13648 --- [http-nio-9090-exec-8] c.c.u.Security.RateLimitFilter           : rate limiting
2025-04-14 11:25:39.958  INFO 13648 --- [http-nio-9090-exec-7] c.c.u.Security.RateLimitFilter           : rate limiting
2025-04-14 11:25:39.958  INFO 13648 --- [http-nio-9090-exec-7] c.c.uniqueProject.Security.JwtFilter     : key: 123
2025-04-14 11:25:39.959  INFO 13648 --- [http-nio-9090-exec-7] c.c.uniqueProject.Security.JwtFilter     : Validate1 ?
2025-04-14 11:25:39.962  INFO 13648 --- [http-nio-9090-exec-7] c.c.u.Security.HttpRequestInterceptor    : requestURL: http://localhost:9090/api-tester/api/secure/data
2025-04-14 11:25:39.963  INFO 13648 --- [http-nio-9090-exec-7] c.c.u.Security.HttpRequestInterceptor    : Request is coming from Postman
2025-04-14 11:25:39.964  INFO 13648 --- [http-nio-9090-exec-7] c.c.u.Security.HttpRequestInterceptor    : requestUrl: http://localhost:9090/api-tester/api/secure/data, responseCode: 200 
2025-04-14 11:25:41.762  INFO 13648 --- [http-nio-9090-exec-9] c.c.u.Security.RateLimitFilter           : rate limiting
2025-04-14 11:25:51.626  INFO 13648 --- [http-nio-9090-exec-10] c.c.u.Security.RateLimitFilter           : rate limiting
2025-04-14 11:25:51.626  INFO 13648 --- [http-nio-9090-exec-10] c.c.uniqueProject.Security.JwtFilter     : key: 123
2025-04-14 11:25:51.626  INFO 13648 --- [http-nio-9090-exec-10] c.c.uniqueProject.Security.JwtFilter     : Validate1 ?
2025-04-14 11:25:53.375  INFO 13648 --- [http-nio-9090-exec-1] c.c.u.Security.RateLimitFilter           : rate limiting
2025-04-14 11:25:53.377  INFO 13648 --- [http-nio-9090-exec-1] c.c.uniqueProject.Security.JwtFilter     : key: 123
2025-04-14 11:25:53.377  INFO 13648 --- [http-nio-9090-exec-1] c.c.uniqueProject.Security.JwtFilter     : Validate1 ?
